Build started 6/4/2013 12:58:55 PM.
     1>Project "C:\Users\D-Man\Documents\Visual Studio 2010\Projects\Dancing Robot\Dancing Robot\Dancing Robot.vcxproj" on node 2 (build target(s)).
     1>PrepareForBuild:
         Creating directory "C:\Users\D-Man\Documents\Visual Studio 2010\Projects\Dancing Robot\Release\".
       InitializeBuildStatus:
         Creating "Release\Dancing Robot.unsuccessfulbuild" because "AlwaysCreate" was specified.
       ClCompile:
         c:\Program Files (x86)\Microsoft Visual Studio 10.0\VC\bin\CL.exe /c /Zi /nologo /W3 /WX- /O2 /Oi /Oy- /GL /D _MBCS /Gm- /EHsc /MD /GS /Gy /fp:precise /Zc:wchar_t /Zc:forScope /Fo"Release\\" /Fd"Release\vc100.pdb" /Gd /TP /analyze- /errorReport:prompt imageloader.cpp main.cpp
         imageloader.cpp
         main.cpp
       Link:
         c:\Program Files (x86)\Microsoft Visual Studio 10.0\VC\bin\link.exe /ERRORREPORT:PROMPT /OUT:"C:\Users\D-Man\Documents\Visual Studio 2010\Projects\Dancing Robot\Release\Dancing Robot.exe" /NOLOGO kernel32.lib user32.lib gdi32.lib winspool.lib comdlg32.lib advapi32.lib shell32.lib ole32.lib oleaut32.lib uuid.lib odbc32.lib odbccp32.lib /MANIFEST /ManifestFile:"Release\Dancing Robot.exe.intermediate.manifest" /MANIFESTUAC:"level='asInvoker' uiAccess='false'" /DEBUG /PDB:"C:\Users\D-Man\Documents\Visual Studio 2010\Projects\Dancing Robot\Release\Dancing Robot.pdb" /OPT:REF /OPT:ICF /LTCG /TLBID:1 /DYNAMICBASE /NXCOMPAT /IMPLIB:"C:\Users\D-Man\Documents\Visual Studio 2010\Projects\Dancing Robot\Release\Dancing Robot.lib" /MACHINE:X86 Release\imageloader.obj
         Release\main.obj
         Generating code
         Finished generating code
         Dancing Robot.vcxproj -> C:\Users\D-Man\Documents\Visual Studio 2010\Projects\Dancing Robot\Release\Dancing Robot.exe
       Manifest:
         c:\Program Files (x86)\Microsoft SDKs\Windows\v7.0A\bin\mt.exe /nologo /verbose /outputresource:"C:\Users\D-Man\Documents\Visual Studio 2010\Projects\Dancing Robot\Release\Dancing Robot.exe;#1" /manifest "Release\Dancing Robot.exe.intermediate.manifest"
       FinalizeBuildStatus:
         Deleting file "Release\Dancing Robot.unsuccessfulbuild".
         Touching "Release\Dancing Robot.lastbuildstate".
     1>Done Building Project "C:\Users\D-Man\Documents\Visual Studio 2010\Projects\Dancing Robot\Dancing Robot\Dancing Robot.vcxproj" (build target(s)).

Build succeeded.

Time Elapsed 00:00:03.33
